-------------------------------------------------------------------------------
Error on line 28 of datatable/js/jquery.dataTables.min.js
java.lang.NullPointerException
	at org.mozilla.javascript.Node.getChildBefore(Node.java:222)
	at org.mozilla.javascript.Node.addChildBefore(Node.java:287)
	at jscover.instrument.NodeProcessor.processNode(NodeProcessor.java:480)
	at jscover.instrument.ParseTreeInstrumenter.visit(ParseTreeInstrumenter.java:367)
	at org.mozilla.javascript.ast.IfStatement.visit(IfStatement.java:178)
	at org.mozilla.javascript.ast.ForLoop.visit(ForLoop.java:131)
	at org.mozilla.javascript.ast.Block.visit(Block.java:61)
	at org.mozilla.javascript.ast.FunctionNode.visit(FunctionNode.java:423)
	at org.mozilla.javascript.ast.Block.visit(Block.java:61)
	at org.mozilla.javascript.ast.FunctionNode.visit(FunctionNode.java:423)
	at org.mozilla.javascript.ast.VariableInitializer.visit(VariableInitializer.java:122)
	at org.mozilla.javascript.ast.VariableDeclaration.visit(VariableDeclaration.java:151)
	at org.mozilla.javascript.ast.Block.visit(Block.java:61)
	at org.mozilla.javascript.ast.FunctionNode.visit(FunctionNode.java:423)
	at org.mozilla.javascript.ast.VariableInitializer.visit(VariableInitializer.java:122)
	at org.mozilla.javascript.ast.VariableDeclaration.visit(VariableDeclaration.java:151)
	at org.mozilla.javascript.ast.Block.visit(Block.java:61)
	at org.mozilla.javascript.ast.FunctionNode.visit(FunctionNode.java:423)
	at org.mozilla.javascript.ast.ParenthesizedExpression.visit(ParenthesizedExpression.java:75)
	at org.mozilla.javascript.ast.FunctionCall.visit(FunctionCall.java:158)
	at org.mozilla.javascript.ast.ExpressionStatement.visit(ExpressionStatement.java:120)
	at org.mozilla.javascript.ast.ScriptNode.visit(ScriptNode.java:312)
	at org.mozilla.javascript.ast.AstRoot.visitAll(AstRoot.java:110)
	at jscover.instrument.SourceProcessor.instrumentSource(SourceProcessor.java:415)
	at jscover.instrument.SourceProcessor.processSourceWithoutHeader(SourceProcessor.java:398)
	at jscover.instrument.SourceProcessor.processSource(SourceProcessor.java:390)
	at jscover.instrument.SourceProcessor.processSourceForFileSystem(SourceProcessor.java:384)
	at jscover.instrument.InstrumenterService.instrumentJSForFileSystem(InstrumenterService.java:376)
	at jscover.filesystem.FileSystemInstrumenter.copyFolder(FileSystemInstrumenter.java:386)
	at jscover.filesystem.FileSystemInstrumenter.copyFolder(FileSystemInstrumenter.java:382)
	at jscover.filesystem.FileSystemInstrumenter.copyFolder(FileSystemInstrumenter.java:382)
	at jscover.filesystem.FileSystemInstrumenter.copyFolder(FileSystemInstrumenter.java:382)
	at jscover.filesystem.FileSystemInstrumenter.run(FileSystemInstrumenter.java:367)
	at jscover.Main.runFileSystem(Main.java:454)
	at jscover.Main.runMain(Main.java:423)
	at jscover.Main.main(Main.java:410)
-------------------------------------------------------------------------------
Error on line 46 of datatable/js/jquery.dataTables.min.js
java.lang.NullPointerException
	at org.mozilla.javascript.Node.getChildBefore(Node.java:222)
	at org.mozilla.javascript.Node.addChildBefore(Node.java:287)
	at jscover.instrument.NodeProcessor.processNode(NodeProcessor.java:480)
	at jscover.instrument.ParseTreeInstrumenter.visit(ParseTreeInstrumenter.java:367)
	at org.mozilla.javascript.ast.IfStatement.visit(IfStatement.java:178)
	at org.mozilla.javascript.ast.ForLoop.visit(ForLoop.java:131)
	at org.mozilla.javascript.ast.ForLoop.visit(ForLoop.java:131)
	at org.mozilla.javascript.ast.Block.visit(Block.java:61)
	at org.mozilla.javascript.ast.FunctionNode.visit(FunctionNode.java:423)
	at org.mozilla.javascript.ast.Block.visit(Block.java:61)
	at org.mozilla.javascript.ast.FunctionNode.visit(FunctionNode.java:423)
	at org.mozilla.javascript.ast.VariableInitializer.visit(VariableInitializer.java:122)
	at org.mozilla.javascript.ast.VariableDeclaration.visit(VariableDeclaration.java:151)
	at org.mozilla.javascript.ast.Block.visit(Block.java:61)
	at org.mozilla.javascript.ast.FunctionNode.visit(FunctionNode.java:423)
	at org.mozilla.javascript.ast.VariableInitializer.visit(VariableInitializer.java:122)
	at org.mozilla.javascript.ast.VariableDeclaration.visit(VariableDeclaration.java:151)
	at org.mozilla.javascript.ast.Block.visit(Block.java:61)
	at org.mozilla.javascript.ast.FunctionNode.visit(FunctionNode.java:423)
	at org.mozilla.javascript.ast.ParenthesizedExpression.visit(ParenthesizedExpression.java:75)
	at org.mozilla.javascript.ast.FunctionCall.visit(FunctionCall.java:158)
	at org.mozilla.javascript.ast.ExpressionStatement.visit(ExpressionStatement.java:120)
	at org.mozilla.javascript.ast.ScriptNode.visit(ScriptNode.java:312)
	at org.mozilla.javascript.ast.AstRoot.visitAll(AstRoot.java:110)
	at jscover.instrument.SourceProcessor.instrumentSource(SourceProcessor.java:415)
	at jscover.instrument.SourceProcessor.processSourceWithoutHeader(SourceProcessor.java:398)
	at jscover.instrument.SourceProcessor.processSource(SourceProcessor.java:390)
	at jscover.instrument.SourceProcessor.processSourceForFileSystem(SourceProcessor.java:384)
	at jscover.instrument.InstrumenterService.instrumentJSForFileSystem(InstrumenterService.java:376)
	at jscover.filesystem.FileSystemInstrumenter.copyFolder(FileSystemInstrumenter.java:386)
	at jscover.filesystem.FileSystemInstrumenter.copyFolder(FileSystemInstrumenter.java:382)
	at jscover.filesystem.FileSystemInstrumenter.copyFolder(FileSystemInstrumenter.java:382)
	at jscover.filesystem.FileSystemInstrumenter.copyFolder(FileSystemInstrumenter.java:382)
	at jscover.filesystem.FileSystemInstrumenter.run(FileSystemInstrumenter.java:367)
	at jscover.Main.runFileSystem(Main.java:454)
	at jscover.Main.runMain(Main.java:423)
	at jscover.Main.main(Main.java:410)
-------------------------------------------------------------------------------
Error on line 107 of datatable/js/jquery.dataTables.min.js
java.lang.NullPointerException
	at org.mozilla.javascript.Node.getChildBefore(Node.java:222)
	at org.mozilla.javascript.Node.addChildBefore(Node.java:287)
	at jscover.instrument.NodeProcessor.processNode(NodeProcessor.java:480)
	at jscover.instrument.ParseTreeInstrumenter.visit(ParseTreeInstrumenter.java:367)
	at org.mozilla.javascript.ast.IfStatement.visit(IfStatement.java:178)
	at org.mozilla.javascript.ast.ForLoop.visit(ForLoop.java:131)
	at org.mozilla.javascript.ast.Block.visit(Block.java:61)
	at org.mozilla.javascript.ast.FunctionNode.visit(FunctionNode.java:423)
	at org.mozilla.javascript.ast.InfixExpression.visit(InfixExpression.java:182)
	at org.mozilla.javascript.ast.ExpressionStatement.visit(ExpressionStatement.java:120)
	at org.mozilla.javascript.ast.Block.visit(Block.java:61)
	at org.mozilla.javascript.ast.FunctionNode.visit(FunctionNode.java:423)
	at org.mozilla.javascript.ast.VariableInitializer.visit(VariableInitializer.java:122)
	at org.mozilla.javascript.ast.VariableDeclaration.visit(VariableDeclaration.java:151)
	at org.mozilla.javascript.ast.Block.visit(Block.java:61)
	at org.mozilla.javascript.ast.FunctionNode.visit(FunctionNode.java:423)
	at org.mozilla.javascript.ast.VariableInitializer.visit(VariableInitializer.java:122)
	at org.mozilla.javascript.ast.VariableDeclaration.visit(VariableDeclaration.java:151)
	at org.mozilla.javascript.ast.Block.visit(Block.java:61)
	at org.mozilla.javascript.ast.FunctionNode.visit(FunctionNode.java:423)
	at org.mozilla.javascript.ast.ParenthesizedExpression.visit(ParenthesizedExpression.java:75)
	at org.mozilla.javascript.ast.FunctionCall.visit(FunctionCall.java:158)
	at org.mozilla.javascript.ast.ExpressionStatement.visit(ExpressionStatement.java:120)
	at org.mozilla.javascript.ast.ScriptNode.visit(ScriptNode.java:312)
	at org.mozilla.javascript.ast.AstRoot.visitAll(AstRoot.java:110)
	at jscover.instrument.SourceProcessor.instrumentSource(SourceProcessor.java:415)
	at jscover.instrument.SourceProcessor.processSourceWithoutHeader(SourceProcessor.java:398)
	at jscover.instrument.SourceProcessor.processSource(SourceProcessor.java:390)
	at jscover.instrument.SourceProcessor.processSourceForFileSystem(SourceProcessor.java:384)
	at jscover.instrument.InstrumenterService.instrumentJSForFileSystem(InstrumenterService.java:376)
	at jscover.filesystem.FileSystemInstrumenter.copyFolder(FileSystemInstrumenter.java:386)
	at jscover.filesystem.FileSystemInstrumenter.copyFolder(FileSystemInstrumenter.java:382)
	at jscover.filesystem.FileSystemInstrumenter.copyFolder(FileSystemInstrumenter.java:382)
	at jscover.filesystem.FileSystemInstrumenter.copyFolder(FileSystemInstrumenter.java:382)
	at jscover.filesystem.FileSystemInstrumenter.run(FileSystemInstrumenter.java:367)
	at jscover.Main.runFileSystem(Main.java:454)
	at jscover.Main.runMain(Main.java:423)
	at jscover.Main.main(Main.java:410)
